

######################### NEW ENTRY #########################

Error log append happened at: 2015-12-07.03:54:59 PM
During event #: 0
##### Event Group Status #####
type: uint32_t 
Each bit corresponds to one group. If a bit is set, the corresponding group had an event
moduleEventGroupStatus: 0

##### Channel Event Status #####
Grid Event Status: 
	 EventInputError:          0
	 EventOnToOff:             0
	 EventEndOfRamping:        1
	 EventEmergency:           0
	 EventControlledByVoltage: 1
	 EventControlledByCurrent: 0
	 EventCurrentBounds:       0
	 EventExternalInhibit:     0
	 EventCurrentTrip:         0
	 EventCurrentLimit:        0
	 EventVoltageLimit:        0

Anode Event Status: 
	 EventInputError:          0
	 EventOnToOff:             0
	 EventEndOfRamping:        1
	 EventEmergency:           0
	 EventControlledByVoltage: 1
	 EventControlledByCurrent: 0
	 EventCurrentBounds:       0
	 EventExternalInhibit:     0
	 EventCurrentTrip:         0
	 EventCurrentLimit:        0
	 EventVoltageLimit:        0

Cathode Event Status: 
	 EventInputError:          0
	 EventOnToOff:             0
	 EventEndOfRamping:        1
	 EventEmergency:           0
	 EventControlledByVoltage: 1
	 EventControlledByCurrent: 0
	 EventCurrentBounds:       0
	 EventExternalInhibit:     0
	 EventCurrentTrip:         0
	 EventCurrentLimit:        0
	 EventVoltageLimit:        0

##### Module related #####
TO BE IMPLEMENTED 



######################### NEW ENTRY #########################

Error log append happened at: 2015-12-07.03:55:09 PM
During event #: 0
##### Event Group Status #####
type: uint32_t 
Each bit corresponds to one group. If a bit is set, the corresponding group had an event
moduleEventGroupStatus: 0

##### Channel Event Status #####
Grid Event Status: 
	 EventInputError:          0
	 EventOnToOff:             0
	 EventEndOfRamping:        1
	 EventEmergency:           0
	 EventControlledByVoltage: 1
	 EventControlledByCurrent: 0
	 EventCurrentBounds:       0
	 EventExternalInhibit:     0
	 EventCurrentTrip:         0
	 EventCurrentLimit:        0
	 EventVoltageLimit:        0

Anode Event Status: 
	 EventInputError:          0
	 EventOnToOff:             0
	 EventEndOfRamping:        1
	 EventEmergency:           0
	 EventControlledByVoltage: 1
	 EventControlledByCurrent: 0
	 EventCurrentBounds:       0
	 EventExternalInhibit:     0
	 EventCurrentTrip:         0
	 EventCurrentLimit:        0
	 EventVoltageLimit:        0

Cathode Event Status: 
	 EventInputError:          0
	 EventOnToOff:             0
	 EventEndOfRamping:        1
	 EventEmergency:           0
	 EventControlledByVoltage: 1
	 EventControlledByCurrent: 0
	 EventCurrentBounds:       0
	 EventExternalInhibit:     0
	 EventCurrentTrip:         0
	 EventCurrentLimit:        0
	 EventVoltageLimit:        0

##### Module related #####
TO BE IMPLEMENTED 



######################### NEW ENTRY #########################

Error log append happened at: 2015-12-07.03:55:19 PM
During event #: 0
##### Event Group Status #####
type: uint32_t 
Each bit corresponds to one group. If a bit is set, the corresponding group had an event
moduleEventGroupStatus: 0

##### Channel Event Status #####
Grid Event Status: 
	 EventInputError:          0
	 EventOnToOff:             0
	 EventEndOfRamping:        1
	 EventEmergency:           0
	 EventControlledByVoltage: 1
	 EventControlledByCurrent: 0
	 EventCurrentBounds:       0
	 EventExternalInhibit:     0
	 EventCurrentTrip:         0
	 EventCurrentLimit:        0
	 EventVoltageLimit:        0

Anode Event Status: 
	 EventInputError:          0
	 EventOnToOff:             0
	 EventEndOfRamping:        1
	 EventEmergency:           0
	 EventControlledByVoltage: 1
	 EventControlledByCurrent: 0
	 EventCurrentBounds:       0
	 EventExternalInhibit:     0
	 EventCurrentTrip:         0
	 EventCurrentLimit:        0
	 EventVoltageLimit:        0

Cathode Event Status: 
	 EventInputError:          0
	 EventOnToOff:             0
	 EventEndOfRamping:        1
	 EventEmergency:           0
	 EventControlledByVoltage: 1
	 EventControlledByCurrent: 0
	 EventCurrentBounds:       0
	 EventExternalInhibit:     0
	 EventCurrentTrip:         0
	 EventCurrentLimit:        0
	 EventVoltageLimit:        0

##### Module related #####
TO BE IMPLEMENTED 



######################### NEW ENTRY #########################

Error log append happened at: 2015-12-07.03:57:09 PM
During event #: 0
##### Event Group Status #####
type: uint32_t 
Each bit corresponds to one group. If a bit is set, the corresponding group had an event
moduleEventGroupStatus: 0

##### Channel Event Status #####
Grid Event Status: 
	 EventInputError:          0
	 EventOnToOff:             0
	 EventEndOfRamping:        1
	 EventEmergency:           0
	 EventControlledByVoltage: 1
	 EventControlledByCurrent: 0
	 EventCurrentBounds:       0
	 EventExternalInhibit:     0
	 EventCurrentTrip:         0
	 EventCurrentLimit:        0
	 EventVoltageLimit:        0

Anode Event Status: 
	 EventInputError:          0
	 EventOnToOff:             0
	 EventEndOfRamping:        1
	 EventEmergency:           0
	 EventControlledByVoltage: 1
	 EventControlledByCurrent: 0
	 EventCurrentBounds:       0
	 EventExternalInhibit:     0
	 EventCurrentTrip:         0
	 EventCurrentLimit:        0
	 EventVoltageLimit:        0

Cathode Event Status: 
	 EventInputError:          0
	 EventOnToOff:             0
	 EventEndOfRamping:        1
	 EventEmergency:           0
	 EventControlledByVoltage: 1
	 EventControlledByCurrent: 0
	 EventCurrentBounds:       0
	 EventExternalInhibit:     0
	 EventCurrentTrip:         0
	 EventCurrentLimit:        0
	 EventVoltageLimit:        0

##### Module related #####
TO BE IMPLEMENTED 



######################### NEW ENTRY #########################

Error log append happened at: 2015-12-07.03:58:12 PM
During event #: 10
##### Event Group Status #####
type: uint32_t 
Each bit corresponds to one group. If a bit is set, the corresponding group had an event
moduleEventGroupStatus: 0

##### Channel Event Status #####
Grid Event Status: 
	 EventInputError:          0
	 EventOnToOff:             0
	 EventEndOfRamping:        1
	 EventEmergency:           0
	 EventControlledByVoltage: 1
	 EventControlledByCurrent: 0
	 EventCurrentBounds:       0
	 EventExternalInhibit:     0
	 EventCurrentTrip:         0
	 EventCurrentLimit:        0
	 EventVoltageLimit:        0

Anode Event Status: 
	 EventInputError:          0
	 EventOnToOff:             0
	 EventEndOfRamping:        1
	 EventEmergency:           0
	 EventControlledByVoltage: 1
	 EventControlledByCurrent: 0
	 EventCurrentBounds:       0
	 EventExternalInhibit:     0
	 EventCurrentTrip:         0
	 EventCurrentLimit:        0
	 EventVoltageLimit:        0

Cathode Event Status: 
	 EventInputError:          0
	 EventOnToOff:             0
	 EventEndOfRamping:        1
	 EventEmergency:           0
	 EventControlledByVoltage: 1
	 EventControlledByCurrent: 0
	 EventCurrentBounds:       0
	 EventExternalInhibit:     0
	 EventCurrentTrip:         0
	 EventCurrentLimit:        0
	 EventVoltageLimit:        0

##### Module related #####
TO BE IMPLEMENTED 



######################### NEW ENTRY #########################

Error log append happened at: 2015-12-07.03:58:22 PM
During event #: 20
##### Event Group Status #####
type: uint32_t 
Each bit corresponds to one group. If a bit is set, the corresponding group had an event
moduleEventGroupStatus: 0

##### Channel Event Status #####
Grid Event Status: 
	 EventInputError:          0
	 EventOnToOff:             0
	 EventEndOfRamping:        1
	 EventEmergency:           0
	 EventControlledByVoltage: 1
	 EventControlledByCurrent: 0
	 EventCurrentBounds:       0
	 EventExternalInhibit:     0
	 EventCurrentTrip:         0
	 EventCurrentLimit:        0
	 EventVoltageLimit:        0

Anode Event Status: 
	 EventInputError:          0
	 EventOnToOff:             0
	 EventEndOfRamping:        1
	 EventEmergency:           0
	 EventControlledByVoltage: 1
	 EventControlledByCurrent: 0
	 EventCurrentBounds:       0
	 EventExternalInhibit:     0
	 EventCurrentTrip:         0
	 EventCurrentLimit:        0
	 EventVoltageLimit:        0

Cathode Event Status: 
	 EventInputError:          0
	 EventOnToOff:             0
	 EventEndOfRamping:        1
	 EventEmergency:           0
	 EventControlledByVoltage: 1
	 EventControlledByCurrent: 0
	 EventCurrentBounds:       0
	 EventExternalInhibit:     0
	 EventCurrentTrip:         0
	 EventCurrentLimit:        0
	 EventVoltageLimit:        0

##### Module related #####
TO BE IMPLEMENTED 



######################### NEW ENTRY #########################

Error log append happened at: 2015-12-07.03:58:32 PM
During event #: 30
##### Event Group Status #####
type: uint32_t 
Each bit corresponds to one group. If a bit is set, the corresponding group had an event
moduleEventGroupStatus: 0

##### Channel Event Status #####
Grid Event Status: 
	 EventInputError:          0
	 EventOnToOff:             0
	 EventEndOfRamping:        1
	 EventEmergency:           0
	 EventControlledByVoltage: 1
	 EventControlledByCurrent: 0
	 EventCurrentBounds:       0
	 EventExternalInhibit:     0
	 EventCurrentTrip:         0
	 EventCurrentLimit:        0
	 EventVoltageLimit:        0

Anode Event Status: 
	 EventInputError:          0
	 EventOnToOff:             0
	 EventEndOfRamping:        1
	 EventEmergency:           0
	 EventControlledByVoltage: 1
	 EventControlledByCurrent: 0
	 EventCurrentBounds:       0
	 EventExternalInhibit:     0
	 EventCurrentTrip:         0
	 EventCurrentLimit:        0
	 EventVoltageLimit:        0

Cathode Event Status: 
	 EventInputError:          0
	 EventOnToOff:             0
	 EventEndOfRamping:        1
	 EventEmergency:           0
	 EventControlledByVoltage: 1
	 EventControlledByCurrent: 0
	 EventCurrentBounds:       0
	 EventExternalInhibit:     0
	 EventCurrentTrip:         0
	 EventCurrentLimit:        0
	 EventVoltageLimit:        0

##### Module related #####
TO BE IMPLEMENTED 

